<?xml version="1.0" encoding="UTF-8"?>
<!-- Generated by org.testng.reporters.JUnitReportReporter -->
<testsuite hostname="SILICUS253" name="testClasses.VacancyPageTest" tests="2" failures="0" timestamp="27 Oct 2017 12:54:50 GMT" time="14.111" errors="0">
  <testcase name="openVacancyTab" time="7.477" classname="testClasses.VacancyPageTest"/>
  <testcase name="loginWithValidInfo" time="6.634" classname="testClasses.VacancyPageTest"/>
</testsuite> <!-- testClasses.VacancyPageTest -->
