<?xml version="1.0" encoding="UTF-8"?>
<!-- Generated by org.testng.reporters.JUnitReportReporter -->
<testsuite hostname="SILICUS253" name="testClasses.LoginPageTest" tests="1" failures="0" timestamp="27 Oct 2017 12:54:50 GMT" time="7.509" errors="0">
  <testcase name="loginWithInvalidInfo" time="7.509" classname="testClasses.LoginPageTest"/>
</testsuite> <!-- testClasses.LoginPageTest -->
