<?xml version="1.0" encoding="UTF-8"?>
<!-- Generated by org.testng.reporters.JUnitReportReporter -->
<testsuite hostname="SILICUS253" name="testClasses.InvalidLoginTest" tests="2" failures="0" timestamp="24 Oct 2017 11:34:56 GMT" time="4.457" errors="0">
  <testcase name="loginWithValidInfo" time="2.159" classname="testClasses.InvalidLoginTest"/>
  <testcase name="loginWithInvalidInfo" time="2.298" classname="testClasses.InvalidLoginTest"/>
</testsuite> <!-- testClasses.InvalidLoginTest -->
